<?xml version="1.0" encoding="UTF-8"?>
<!-- Generated by org.testng.reporters.JUnitReportReporter -->
<testsuite skipped="0" hostname="CDC2-LX-1MX6QQ2" name="test.test1" tests="1" failures="0" timestamp="10 Mar 2020 09:32:48 GMT" time="0.025" errors="0">
  <testcase name="f" time="0.025" classname="test.test1"/>
</testsuite> <!-- test.test1 -->
